=== base_offset_return\bin\base_offset_return-aarch64-linux-gnu-gcc-9
=== base_offset_return\bin\base_offset_return-alpha-linux-gnu-gcc-9
=== base_offset_return\bin\base_offset_return-arm-linux-gnueabi-gcc-9
=== base_offset_return\bin\base_offset_return-arm-linux-gnueabihf-gcc-9
=== base_offset_return\bin\base_offset_return-c89-gcc
=== base_offset_return\bin\base_offset_return-c99-gcc
=== base_offset_return\bin\base_offset_return-hppa-linux-gnu-gcc-9
=== base_offset_return\bin\base_offset_return-i686-linux-gnu-gcc-9
=== base_offset_return\bin\base_offset_return-m68k-linux-gnu-gcc-9
=== base_offset_return\bin\base_offset_return-mips-linux-gnu-gcc-9
=== base_offset_return\bin\base_offset_return-mips64-linux-gnuabi64-gcc-9
=== base_offset_return\bin\base_offset_return-mips64el-linux-gnuabi64-gcc-9
=== base_offset_return\bin\base_offset_return-mipsel-linux-gnu-gcc-10
=== base_offset_return\bin\base_offset_return-mipsisa64r6-linux-gnuabi64-gcc-9
=== base_offset_return\bin\base_offset_return-mipsisa64r6el-linux-gnuabi64-gcc-9
=== base_offset_return\bin\base_offset_return-powerpc-linux-gnu-gcc-9
=== base_offset_return\bin\base_offset_return-powerpc64-linux-gnu-gcc-9
=== base_offset_return\bin\base_offset_return-powerpc64le-linux-gnu-gcc-9
=== base_offset_return\bin\base_offset_return-riscv64-linux-gnu-gcc-9
=== base_offset_return\bin\base_offset_return-s390x-linux-gnu-gcc-9
=== base_offset_return\bin\base_offset_return-sh4-linux-gnu-gcc-9
=== base_offset_return\bin\base_offset_return-sparc64-linux-gnu-gcc-9
=== base_offset_return\bin\base_offset_return-x86_64-linux-gnu-gcc-9
=== base_offset_return\bin\base_offset_return-x86_64-linux-gnux32-gcc-9
=== base_offset_return\bin\base_offset_return-x86_64-w64-mingw32-gcc-9_3-posix.exe
=== base_offset_return\bin\base_offset_return-x86_64-w64-mingw32-gcc-9_3-win32.exe
=== hexdump\aarch64-linux-gnu-gcc-10\hexdump-O0.so
=== hexdump\aarch64-linux-gnu-gcc-10\hexdump-O2.so
=== hexdump\aarch64-linux-gnu-gcc-10\hexdump-Os.so
=== hexdump\aarch64-linux-gnu-gcc-9\hexdump-O0.so
=== hexdump\aarch64-linux-gnu-gcc-9\hexdump-O2.so
=== hexdump\aarch64-linux-gnu-gcc-9\hexdump-Os.so
=== hexdump\aarch64-linux-gnu-gcc\hexdump-O0.so
=== hexdump\aarch64-linux-gnu-gcc\hexdump-O2.so
=== hexdump\aarch64-linux-gnu-gcc\hexdump-Os.so
=== hexdump\alpha-linux-gnu-gcc-10\hexdump-O0.so
=== hexdump\alpha-linux-gnu-gcc-10\hexdump-O2.so
=== hexdump\alpha-linux-gnu-gcc-10\hexdump-Os.so
=== hexdump\alpha-linux-gnu-gcc-9\hexdump-O0.so
=== hexdump\alpha-linux-gnu-gcc-9\hexdump-O2.so
=== hexdump\alpha-linux-gnu-gcc-9\hexdump-Os.so
=== hexdump\alpha-linux-gnu-gcc\hexdump-O0.so
=== hexdump\alpha-linux-gnu-gcc\hexdump-O2.so
=== hexdump\alpha-linux-gnu-gcc\hexdump-Os.so
=== hexdump\arm-linux-gnueabi-gcc-10\hexdump-O0.so
=== hexdump\arm-linux-gnueabi-gcc-10\hexdump-O2.so
=== hexdump\arm-linux-gnueabi-gcc-10\hexdump-Os.so
=== hexdump\arm-linux-gnueabi-gcc-9\hexdump-O0.so
=== hexdump\arm-linux-gnueabi-gcc-9\hexdump-O2.so
=== hexdump\arm-linux-gnueabi-gcc-9\hexdump-Os.so
=== hexdump\arm-linux-gnueabi-gcc\hexdump-O0.so
=== hexdump\arm-linux-gnueabi-gcc\hexdump-O2.so
=== hexdump\arm-linux-gnueabi-gcc\hexdump-Os.so
=== hexdump\arm-linux-gnueabihf-gcc-10\hexdump-O0.so
=== hexdump\arm-linux-gnueabihf-gcc-10\hexdump-O2.so
=== hexdump\arm-linux-gnueabihf-gcc-10\hexdump-Os.so
=== hexdump\arm-linux-gnueabihf-gcc-9\hexdump-O0.so
=== hexdump\arm-linux-gnueabihf-gcc-9\hexdump-O2.so
=== hexdump\arm-linux-gnueabihf-gcc-9\hexdump-Os.so
=== hexdump\arm-linux-gnueabihf-gcc\hexdump-O0.so
=== hexdump\arm-linux-gnueabihf-gcc\hexdump-O2.so
=== hexdump\arm-linux-gnueabihf-gcc\hexdump-Os.so
=== hexdump\c99-gcc\hexdump-O0.so
=== hexdump\c99-gcc\hexdump-O2.so
=== hexdump\c99-gcc\hexdump-Os.so
=== hexdump\gcc-10\hexdump-O0.so
=== hexdump\gcc-10\hexdump-O2.so
=== hexdump\gcc-10\hexdump-Os.so
=== hexdump\gcc-9\hexdump-O0.so
=== hexdump\gcc-9\hexdump-O2.so
=== hexdump\gcc-9\hexdump-Os.so
=== hexdump\gcc\hexdump-O0.so
=== hexdump\gcc\hexdump-O2.so
=== hexdump\gcc\hexdump-Os.so
=== hexdump\hppa-linux-gnu-gcc-10\hexdump-O0.so
=== hexdump\hppa-linux-gnu-gcc-10\hexdump-O2.so
=== hexdump\hppa-linux-gnu-gcc-10\hexdump-Os.so
=== hexdump\hppa-linux-gnu-gcc-9\hexdump-O0.so
=== hexdump\hppa-linux-gnu-gcc-9\hexdump-O2.so
=== hexdump\hppa-linux-gnu-gcc-9\hexdump-Os.so
=== hexdump\hppa-linux-gnu-gcc\hexdump-O0.so
=== hexdump\hppa-linux-gnu-gcc\hexdump-O2.so
=== hexdump\hppa-linux-gnu-gcc\hexdump-Os.so
=== hexdump\i686-linux-gnu-gcc-10\hexdump-O0.so
=== hexdump\i686-linux-gnu-gcc-10\hexdump-O2.so
=== hexdump\i686-linux-gnu-gcc-10\hexdump-Os.so
=== hexdump\i686-linux-gnu-gcc-9\hexdump-O0.so
=== hexdump\i686-linux-gnu-gcc-9\hexdump-O2.so
=== hexdump\i686-linux-gnu-gcc-9\hexdump-Os.so
=== hexdump\i686-linux-gnu-gcc\hexdump-O0.so
=== hexdump\i686-linux-gnu-gcc\hexdump-O2.so
=== hexdump\i686-linux-gnu-gcc\hexdump-Os.so
=== hexdump\m68k-linux-gnu-gcc-10\hexdump-O0.so
=== hexdump\m68k-linux-gnu-gcc-10\hexdump-O2.so
=== hexdump\m68k-linux-gnu-gcc-10\hexdump-Os.so
=== hexdump\m68k-linux-gnu-gcc-9\hexdump-O0.so
=== hexdump\m68k-linux-gnu-gcc-9\hexdump-O2.so
=== hexdump\m68k-linux-gnu-gcc-9\hexdump-Os.so
=== hexdump\m68k-linux-gnu-gcc\hexdump-O0.so
=== hexdump\m68k-linux-gnu-gcc\hexdump-O2.so
=== hexdump\m68k-linux-gnu-gcc\hexdump-Os.so
=== hexdump\mips-linux-gnu-gcc-9\hexdump-O0.so
=== hexdump\mips-linux-gnu-gcc-9\hexdump-O2.so
=== hexdump\mips-linux-gnu-gcc-9\hexdump-Os.so
=== hexdump\mips64-linux-gnuabi64-gcc-9\hexdump-O0.so
=== hexdump\mips64-linux-gnuabi64-gcc-9\hexdump-O2.so
=== hexdump\mips64-linux-gnuabi64-gcc-9\hexdump-Os.so
=== hexdump\mips64-linux-gnuabi64-gcc\hexdump-O0.so
=== hexdump\mips64-linux-gnuabi64-gcc\hexdump-O2.so
=== hexdump\mips64-linux-gnuabi64-gcc\hexdump-Os.so
=== hexdump\mips64el-linux-gnuabi64-gcc-9\hexdump-O0.so
=== hexdump\mips64el-linux-gnuabi64-gcc-9\hexdump-O2.so
=== hexdump\mips64el-linux-gnuabi64-gcc-9\hexdump-Os.so
=== hexdump\mips64el-linux-gnuabi64-gcc\hexdump-O0.so
=== hexdump\mips64el-linux-gnuabi64-gcc\hexdump-O2.so
=== hexdump\mips64el-linux-gnuabi64-gcc\hexdump-Os.so
=== hexdump\mipsel-linux-gnu-gcc-10\hexdump-O0.so
=== hexdump\mipsel-linux-gnu-gcc-10\hexdump-O2.so
=== hexdump\mipsel-linux-gnu-gcc-10\hexdump-Os.so
=== hexdump\mipsisa64r6-linux-gnuabi64-gcc-9\hexdump-O0.so
=== hexdump\mipsisa64r6-linux-gnuabi64-gcc-9\hexdump-O2.so
=== hexdump\mipsisa64r6-linux-gnuabi64-gcc-9\hexdump-Os.so
=== hexdump\mipsisa64r6-linux-gnuabi64-gcc\hexdump-O0.so
=== hexdump\mipsisa64r6-linux-gnuabi64-gcc\hexdump-O2.so
=== hexdump\mipsisa64r6-linux-gnuabi64-gcc\hexdump-Os.so
=== hexdump\mipsisa64r6el-linux-gnuabi64-gcc-9\hexdump-O0.so
=== hexdump\mipsisa64r6el-linux-gnuabi64-gcc-9\hexdump-O2.so
=== hexdump\mipsisa64r6el-linux-gnuabi64-gcc-9\hexdump-Os.so
=== hexdump\mipsisa64r6el-linux-gnuabi64-gcc\hexdump-O0.so
=== hexdump\mipsisa64r6el-linux-gnuabi64-gcc\hexdump-O2.so
=== hexdump\mipsisa64r6el-linux-gnuabi64-gcc\hexdump-Os.so
=== hexdump\powerpc-linux-gnu-gcc-10\hexdump-O0.so
=== hexdump\powerpc-linux-gnu-gcc-10\hexdump-O2.so
=== hexdump\powerpc-linux-gnu-gcc-10\hexdump-Os.so
=== hexdump\powerpc-linux-gnu-gcc-9\hexdump-O0.so
=== hexdump\powerpc-linux-gnu-gcc-9\hexdump-O2.so
=== hexdump\powerpc-linux-gnu-gcc-9\hexdump-Os.so
=== hexdump\powerpc-linux-gnu-gcc\hexdump-O0.so
=== hexdump\powerpc-linux-gnu-gcc\hexdump-O2.so
=== hexdump\powerpc-linux-gnu-gcc\hexdump-Os.so
=== hexdump\powerpc64-linux-gnu-gcc-10\hexdump-O0.so
=== hexdump\powerpc64-linux-gnu-gcc-10\hexdump-O2.so
=== hexdump\powerpc64-linux-gnu-gcc-10\hexdump-Os.so
=== hexdump\powerpc64-linux-gnu-gcc-9\hexdump-O0.so
=== hexdump\powerpc64-linux-gnu-gcc-9\hexdump-O2.so
=== hexdump\powerpc64-linux-gnu-gcc-9\hexdump-Os.so
=== hexdump\powerpc64-linux-gnu-gcc\hexdump-O0.so
=== hexdump\powerpc64-linux-gnu-gcc\hexdump-O2.so
=== hexdump\powerpc64-linux-gnu-gcc\hexdump-Os.so
=== hexdump\powerpc64le-linux-gnu-gcc-10\hexdump-O0.so
=== hexdump\powerpc64le-linux-gnu-gcc-10\hexdump-O2.so
=== hexdump\powerpc64le-linux-gnu-gcc-10\hexdump-Os.so
*** hexdump\powerpc64le-linux-gnu-gcc-10\hexdump-Os.so
000000000000086C: error: PowerPC instruction 'vmsumshm	v0,v0,v0,v7' is not supported yet.
=== hexdump\powerpc64le-linux-gnu-gcc-9\hexdump-O0.so
=== hexdump\powerpc64le-linux-gnu-gcc-9\hexdump-O2.so
=== hexdump\powerpc64le-linux-gnu-gcc-9\hexdump-Os.so
*** hexdump\powerpc64le-linux-gnu-gcc-9\hexdump-Os.so
000000000000086C: error: PowerPC instruction 'vmsumshm	v0,v0,v0,v7' is not supported yet.
=== hexdump\powerpc64le-linux-gnu-gcc\hexdump-O0.so
=== hexdump\powerpc64le-linux-gnu-gcc\hexdump-O2.so
=== hexdump\powerpc64le-linux-gnu-gcc\hexdump-Os.so
*** hexdump\powerpc64le-linux-gnu-gcc\hexdump-Os.so
000000000000086C: error: PowerPC instruction 'vmsumshm	v0,v0,v0,v7' is not supported yet.
=== hexdump\riscv64-linux-gnu-gcc-10\hexdump-O0.so
=== hexdump\riscv64-linux-gnu-gcc-10\hexdump-O2.so
=== hexdump\riscv64-linux-gnu-gcc-10\hexdump-Os.so
=== hexdump\riscv64-linux-gnu-gcc-9\hexdump-O0.so
=== hexdump\riscv64-linux-gnu-gcc-9\hexdump-O2.so
=== hexdump\riscv64-linux-gnu-gcc-9\hexdump-Os.so
=== hexdump\riscv64-linux-gnu-gcc\hexdump-O0.so
=== hexdump\riscv64-linux-gnu-gcc\hexdump-O2.so
=== hexdump\riscv64-linux-gnu-gcc\hexdump-Os.so
=== hexdump\s390x-linux-gnu-gcc-10\hexdump-O0.so
=== hexdump\s390x-linux-gnu-gcc-10\hexdump-O2.so
=== hexdump\s390x-linux-gnu-gcc-10\hexdump-Os.so
=== hexdump\s390x-linux-gnu-gcc-9\hexdump-O0.so
=== hexdump\s390x-linux-gnu-gcc-9\hexdump-O2.so
=== hexdump\s390x-linux-gnu-gcc-9\hexdump-Os.so
=== hexdump\s390x-linux-gnu-gcc\hexdump-O0.so
=== hexdump\s390x-linux-gnu-gcc\hexdump-O2.so
=== hexdump\s390x-linux-gnu-gcc\hexdump-Os.so
=== hexdump\sh4-linux-gnu-gcc-10\hexdump-O0.so
=== hexdump\sh4-linux-gnu-gcc-10\hexdump-O2.so
=== hexdump\sh4-linux-gnu-gcc-10\hexdump-Os.so
=== hexdump\sh4-linux-gnu-gcc-9\hexdump-O0.so
=== hexdump\sh4-linux-gnu-gcc-9\hexdump-O2.so
=== hexdump\sh4-linux-gnu-gcc-9\hexdump-Os.so
=== hexdump\sh4-linux-gnu-gcc\hexdump-O0.so
=== hexdump\sh4-linux-gnu-gcc\hexdump-O2.so
=== hexdump\sh4-linux-gnu-gcc\hexdump-Os.so
=== hexdump\sparc64-linux-gnu-gcc-10\hexdump-O0.so
=== hexdump\sparc64-linux-gnu-gcc-10\hexdump-O2.so
=== hexdump\sparc64-linux-gnu-gcc-10\hexdump-Os.so
=== hexdump\sparc64-linux-gnu-gcc-9\hexdump-O0.so
=== hexdump\sparc64-linux-gnu-gcc-9\hexdump-O2.so
=== hexdump\sparc64-linux-gnu-gcc-9\hexdump-Os.so
=== hexdump\sparc64-linux-gnu-gcc\hexdump-O0.so
=== hexdump\sparc64-linux-gnu-gcc\hexdump-O2.so
=== hexdump\sparc64-linux-gnu-gcc\hexdump-Os.so
=== hexdump\x86_64-linux-gnu-gcc-10\hexdump-O0.so
=== hexdump\x86_64-linux-gnu-gcc-10\hexdump-O2.so
=== hexdump\x86_64-linux-gnu-gcc-10\hexdump-Os.so
=== hexdump\x86_64-linux-gnu-gcc-9\hexdump-O0.so
=== hexdump\x86_64-linux-gnu-gcc-9\hexdump-O2.so
=== hexdump\x86_64-linux-gnu-gcc-9\hexdump-Os.so
=== hexdump\x86_64-linux-gnu-gcc\hexdump-O0.so
=== hexdump\x86_64-linux-gnu-gcc\hexdump-O2.so
=== hexdump\x86_64-linux-gnu-gcc\hexdump-Os.so
=== hexdump\x86_64-linux-gnux32-gcc-10\hexdump-O0.so
=== hexdump\x86_64-linux-gnux32-gcc-10\hexdump-O2.so
=== hexdump\x86_64-linux-gnux32-gcc-10\hexdump-Os.so
=== hexdump\x86_64-linux-gnux32-gcc-9\hexdump-O0.so
=== hexdump\x86_64-linux-gnux32-gcc-9\hexdump-O2.so
=== hexdump\x86_64-linux-gnux32-gcc-9\hexdump-Os.so
=== hexdump\x86_64-linux-gnux32-gcc\hexdump-O0.so
=== hexdump\x86_64-linux-gnux32-gcc\hexdump-O2.so
=== hexdump\x86_64-linux-gnux32-gcc\hexdump-Os.so
=== hexdump\x86_64-w64-mingw32-gcc-10-posix\hexdump-O0.so
=== hexdump\x86_64-w64-mingw32-gcc-10-posix\hexdump-O2.so
=== hexdump\x86_64-w64-mingw32-gcc-10-posix\hexdump-Os.so
=== hexdump\x86_64-w64-mingw32-gcc-10-win32\hexdump-O0.so
=== hexdump\x86_64-w64-mingw32-gcc-10-win32\hexdump-O2.so
=== hexdump\x86_64-w64-mingw32-gcc-10-win32\hexdump-Os.so
=== hexdump\x86_64-w64-mingw32-gcc-10\hexdump-O0.so
=== hexdump\x86_64-w64-mingw32-gcc-10\hexdump-O2.so
=== hexdump\x86_64-w64-mingw32-gcc-10\hexdump-Os.so
=== hexdump\x86_64-w64-mingw32-gcc-posix\hexdump-O0.so
=== hexdump\x86_64-w64-mingw32-gcc-posix\hexdump-O2.so
=== hexdump\x86_64-w64-mingw32-gcc-posix\hexdump-Os.so
=== hexdump\x86_64-w64-mingw32-gcc-win32\hexdump-O0.so
=== hexdump\x86_64-w64-mingw32-gcc-win32\hexdump-O2.so
=== hexdump\x86_64-w64-mingw32-gcc-win32\hexdump-Os.so
=== hexdump\x86_64-w64-mingw32-gcc\hexdump-O0.so
=== hexdump\x86_64-w64-mingw32-gcc\hexdump-O2.so
=== hexdump\x86_64-w64-mingw32-gcc\hexdump-Os.so
Stripping SSA identifier numbers
Decompiled 230 binaries in 119.96 seconds ---
